<?xml version="1.0" encoding="UTF-8"?>
<!-- Generated by org.testng.reporters.JUnitXMLReporter -->
<testsuite ignored="7" hostname="Nitins-MacBook-Pro.local" failures="0" tests="1" name="Default test" time="2.239" errors="0" timestamp="2024-03-20T01:48:04 PDT">
  <testcase classname="com.github.CRUD.Validating_CRUDTests" name="validateCreateRepoWithExisting" time="1.583"/>
  <testcase classname="com.github.CRUD.Validating_CRUDTests" name="validateGetallRepos" time="0.0">
    <ignored/>
  </testcase> <!-- validateGetallRepos -->
  <testcase classname="com.github.CRUD.Validating_CRUDTests" name="validateInvalidRepo" time="0.0">
    <ignored/>
  </testcase> <!-- validateInvalidRepo -->
  <testcase classname="com.github.CRUD.Validating_CRUDTests" name="validateAddData" time="0.0">
    <ignored/>
  </testcase> <!-- validateAddData -->
  <testcase classname="com.github.CRUD.Validating_CRUDTests" name="validateGetSingleRepo" time="0.0">
    <ignored/>
  </testcase> <!-- validateGetSingleRepo -->
  <testcase classname="com.github.CRUD.Validating_CRUDTests" name="validateDeletedNonExistRepo" time="0.0">
    <ignored/>
  </testcase> <!-- validateDeletedNonExistRepo -->
  <testcase classname="com.github.CRUD.Validating_CRUDTests" name="validateUpdatedData" time="0.0">
    <ignored/>
  </testcase> <!-- validateUpdatedData -->
  <testcase classname="com.github.CRUD.Validating_CRUDTests" name="validateDeletedRepo" time="0.0">
    <ignored/>
  </testcase> <!-- validateDeletedRepo -->
</testsuite> <!-- Default test -->
