<?xml version="1.0" encoding="UTF-8"?>
<!-- Generated by org.testng.reporters.JUnitXMLReporter -->
<testsuite ignored="0" hostname="Nitins-MacBook-Pro.local" failures="0" tests="8" name="Test" time="6.662" errors="0" timestamp="2024-03-20T02:06:49 PDT">
  <testcase classname="com.github.CRUD.Validating_CRUDTests" name="validateGetSingleRepo" time="1.534"/>
  <testcase classname="com.github.CRUD.Validating_CRUDTests" name="validateInvalidRepo" time="0.472"/>
  <testcase classname="com.github.CRUD.Validating_CRUDTests" name="validateGetallRepos" time="0.844"/>
  <testcase classname="com.github.CRUD.Validating_CRUDTests" name="validateAddData" time="1.028"/>
  <testcase classname="com.github.CRUD.Validating_CRUDTests" name="validateCreateRepoWithExisting" time="0.506"/>
  <testcase classname="com.github.CRUD.Validating_CRUDTests" name="validateUpdatedData" time="0.92"/>
  <testcase classname="com.github.CRUD.Validating_CRUDTests" name="validateDeletedRepo" time="0.504"/>
  <testcase classname="com.github.CRUD.Validating_CRUDTests" name="validateDeletedNonExistRepo" time="0.266"/>
</testsuite> <!-- Test -->
